Log file opened on Wed Jun  6 12:30:47 2018
Host: cairo.prib.upf.edu  pid: 17931  rank ID: 0  number of ranks:  1
GROMACS:    gmx mdrun, VERSION 5.0.4

GROMACS is written by:
Emile Apol         Rossen Apostolov   Herman J.C. Berendsen Par Bjelkmar       
Aldert van Buuren  Rudi van Drunen    Anton Feenstra     Sebastian Fritsch  
Gerrit Groenhof    Christoph Junghans Peter Kasson       Carsten Kutzner    
Per Larsson        Justin A. Lemkul   Magnus Lundborg    Pieter Meulenhoff  
Erik Marklund      Teemu Murtola      Szilard Pall       Sander Pronk       
Roland Schulz      Alexey Shvetsov    Michael Shirts     Alfons Sijbers     
Peter Tieleman     Christian Wennberg Maarten Wolf       
and the project leaders:
Mark Abraham, Berk Hess, Erik Lindahl, and David van der Spoel

Copyright (c) 1991-2000, University of Groningen, The Netherlands.
Copyright (c) 2001-2014, The GROMACS development team at
Uppsala University, Stockholm University and
the Royal Institute of Technology, Sweden.
check out http://www.gromacs.org for more information.

GROMACS is free software; you can redistribute it and/or modify it
under the terms of the GNU Lesser General Public License
as published by the Free Software Foundation; either version 2.1
of the License, or (at your option) any later version.

GROMACS:      gmx mdrun, VERSION 5.0.4
Executable:   /soft/bio/md/gromacs-5.0.4/bin//gmx
Library dir:  /soft/bio/md/gromacs-5.0.4/share/gromacs/top
Command line:
  mdrun -v -deffnm E2Bwt-NVT.tpr

Gromacs version:    VERSION 5.0.4
Precision:          single
Memory model:       64 bit
MPI library:        thread_mpi
OpenMP support:     enabled
GPU support:        disabled
invsqrt routine:    gmx_software_invsqrt(x)
SIMD instructions:  SSE2
FFT library:        fftw-3.2.1
RDTSCP usage:       disabled
C++11 compilation:  disabled
TNG support:        enabled
Tracing support:    disabled
Built on:           Tue Jan 27 15:51:02 CET 2015
Built by:           root@cappra.imim.es [CMAKE]
Build OS/arch:      Linux 2.6.32-504.1.3.el6.x86_64 x86_64
Build CPU vendor:   GenuineIntel
Build CPU brand:    Intel(R) Core(TM)2 Duo CPU     E6550  @ 2.33GHz
Build CPU family:   6   Model: 15   Stepping: 11
Build CPU features: apic clfsh cmov cx8 cx16 lahf_lm mmx msr pdcm pse sse2 sse3 ssse3
C compiler:         /usr/bin/cc GNU 4.4.7
C compiler flags:    -msse2    -Wno-maybe-uninitialized -Wextra -Wno-missing-field-initializers -Wno-sign-compare -Wpointer-arith -Wall -Wno-unused -Wunused-value -Wunused-parameter  -O3 -DNDEBUG -fomit-frame-pointer -funroll-all-loops  -Wno-array-bounds 
C++ compiler:       /usr/bin/c++ GNU 4.4.7
C++ compiler flags:  -msse2    -Wextra -Wno-missing-field-initializers -Wpointer-arith -Wall -Wno-unused-function  -O3 -DNDEBUG -fomit-frame-pointer -funroll-all-loops  -Wno-array-bounds 
Boost version:      1.55.0 (internal)



++++ PLEASE READ AND CITE THE FOLLOWING REFERENCE ++++
B. Hess and C. Kutzner and D. van der Spoel and E. Lindahl
GROMACS 4: Algorithms for highly efficient, load-balanced, and scalable
molecular simulation
J. Chem. Theory Comput. 4 (2008) pp. 435-447
-------- -------- --- Thank You --- -------- --------


++++ PLEASE READ AND CITE THE FOLLOWING REFERENCE ++++
D. van der Spoel, E. Lindahl, B. Hess, G. Groenhof, A. E. Mark and H. J. C.
Berendsen
GROMACS: Fast, Flexible and Free
J. Comp. Chem. 26 (2005) pp. 1701-1719
-------- -------- --- Thank You --- -------- --------


++++ PLEASE READ AND CITE THE FOLLOWING REFERENCE ++++
E. Lindahl and B. Hess and D. van der Spoel
GROMACS 3.0: A package for molecular simulation and trajectory analysis
J. Mol. Mod. 7 (2001) pp. 306-317
-------- -------- --- Thank You --- -------- --------


++++ PLEASE READ AND CITE THE FOLLOWING REFERENCE ++++
H. J. C. Berendsen, D. van der Spoel and R. van Drunen
GROMACS: A message-passing parallel molecular dynamics implementation
Comp. Phys. Comm. 91 (1995) pp. 43-56
-------- -------- --- Thank You --- -------- --------


-------------------------------------------------------
Program mdrun, VERSION 5.0.4
Source code file: /root/gromacs-5.0.4/src/gromacs/fileio/gmxfio.c, line: 513

Can not open file:
E2Bwt-NVT.tpr
For more information and tips for troubleshooting, please check the GROMACS
website at http://www.gromacs.org/Documentation/Errors
-------------------------------------------------------

